<?xml version="1.0"?>
<configInfo>
   <daqOperator>
      <hostAddr>192.168.1.207</hostAddr>
   </daqOperator>
   <daqGroups>
      <daqGroup gid="group0">
         <components>
            <component cid="Gatherer0">
               <hostAddr>192.168.1.207</hostAddr>
               <hostPort>50000</hostPort>
               <instName>Gatherer0.rtc</instName>
               <sourcePath>/home/nakayosi/work-1.0.0/DAQ-Middleware-1st/examples/EchoReader</sourcePath>
               <execPath>/home/nakayosi/work-1.0.0/DAQ-Middleware-1st/examples/PsdGatherer/GathererComp</execPath>
               <confFile>/home/nakayosi/work-1.0.0/DAQ-Middleware-1st/rtc.conf</confFile>
               <startOrd>1</startOrd>
               <inPorts>
               </inPorts>
               <outPorts>
	          <outPort>gatherer_out</outPort>
               </outPorts>
               <params>
	          <param pid="daqId">0</param>
	          <param pid="srcAddr">192.168.1.207</param>
               </params>
            </component>
<!--
            <component cid="Dispatcher0">
               <hostAddr>192.168.1.207</hostAddr>
               <hostPort>50000</hostPort>
               <instName>Dispatcher0.rtc</instName>
               <sourcePath>/home/nakayosi/work-1.0.0/DAQ-Middleware-1st/examples/Dispatcher</sourcePath>
               <execPath>/home/nakayosi/work-1.0.0/DAQ-Middleware-1st/bin/DispatcherComp</execPath>
               <confFile>/home/nakayosi/work-1.0.0/DAQ-Middleware-1st/rtc.conf</confFile>
               <startOrd>3</startOrd>
               <inPorts>
	          <inPort from="EchoReader0:echoReader_out">dispatcher_in</inPort>
               </inPorts>
               <outPorts>
	          <outPort>dispatcher_out1</outPort>
	          <outPort>dispatcher_out2</outPort>
               </outPorts>
               <params>
                  <param pid="samplingRate">dispatcher_out2/10</param>
               </params>
            </component>
            <component cid="MyLogger0">
               <hostAddr>192.168.1.207</hostAddr>
               <hostPort>50000</hostPort>
               <instName>MyLogger0.rtc</instName>
               <sourcePath>/home/nakayosi/work-1.0.0/DAQ-Middleware-1st/examples/Logger</sourcePath>
               <execPath>/home/nakayosi/work-1.0.0/DAQ-Middleware-1st/bin/MyLoggerComp</execPath>
               <confFile>/home/nakayosi/work-1.0.0/DAQ-Middleware-1st/rtc.conf</confFile>
               <startOrd>1</startOrd>
               <inPorts>
	          <inPort from="Dispatcher0:dispatcher_out1">logger_in</inPort>
               </inPorts>
               <outPorts>
               </outPorts>
               <params>
                  <param pid="dirName">/tmp</param>
                  <param pid="isLogging">yes</param>
                  <param pid="maxFileSizeInMegaByte">1024</param>
               </params>
            </component>

            <component cid="EchoMonitor0">
               <hostAddr>192.168.1.207</hostAddr>
               <hostPort>50000</hostPort>
               <instName>EchoMonitor0.rtc</instName>
               <sourcePath>/home/nakayosi/work-1.0.0/DAQ-Middleware-1st/examples/EchoMonitor</sourcePath>
               <execPath>/home/nakayosi/work-1.0.0/DAQ-Middleware-1st/bin/EchoMonitorComp</execPath>
               <confFile>/home/nakayosi/work-1.0.0/DAQ-Middleware-1st/rtc.conf</confFile>
               <startOrd>2</startOrd>
               <inPorts>
	          <inPort from="Dispatcher0:dispatcher_out2">echomonitor_in</inPort>
               </inPorts>
               <outPorts>
               </outPorts>
               <params>
                  <param pid="samplingRate">dispatcher_out2/10</param>
                  <param pid="condition_file_name">/home/nakayosi/work-1.0.0/DAQ-Middleware-1st/conf/condition.json</param>
               </params>
            </component>
-->
         </components>
      </daqGroup>
   </daqGroups>
</configInfo>
